<?xml version="1.0" encoding="UTF-8"?>
<testsuite name="ticket.booking.AppTest" tests="1" skipped="0" failures="0" errors="0" timestamp="2025-05-30T17:12:02" hostname="Lalits-MacBook-Air.local" time="0.002">
  <properties/>
  <testcase name="testAppHasAGreeting" classname="ticket.booking.AppTest" time="0.002"/>
  <system-out><![CDATA[]]></system-out>
  <system-err><![CDATA[]]></system-err>
</testsuite>
